<?xml version="1.0" encoding="UTF-8"?>
<!-- Generated by org.testng.reporters.JUnitXMLReporter -->
<testsuite hostname="DESKTOP-VII0J20" ignored="0" name="Default test" tests="4" failures="0" timestamp="2021-09-09T14:05:19 BDT" time="39.974" errors="0">
  <testcase name="HoneywellAccountNumberButtonTest" time="1.335" classname="com.FalconTalk.HoneywellAccount.HoneywellAccount"/>
  <testcase name="CancelButtonLoginPageTest" time="0.75" classname="com.FalconTalk.HoneywellAccount.HoneywellAccount"/>
  <testcase name="EmptyFieldValidationTest" time="7.395" classname="com.FalconTalk.HoneywellAccount.HoneywellAccount"/>
  <testcase name="VerifyTheAuthenticationTest" time="9.439" classname="com.FalconTalk.HoneywellAccount.HoneywellAccount"/>
</testsuite> <!-- Default test -->
