<?xml version="1.0" encoding="UTF-8"?>
<!-- Generated by org.testng.reporters.JUnitXMLReporter -->
<testsuite hostname="DESKTOP-VII0J20" ignored="0" name="About" tests="4" failures="0" timestamp="2021-09-05T15:40:47 BDT" time="35.541" errors="0">
  <testcase name="AboutPageTest" time="3.136" classname="com.FalconTalk.Basic.About"/>
  <testcase name="AppNameTest" time="0.057" classname="com.FalconTalk.Basic.About"/>
  <testcase name="EULATest" time="1.652" classname="com.FalconTalk.Basic.About"/>
  <testcase name="PrivacyStatementTest" time="2.737" classname="com.FalconTalk.Basic.About"/>
</testsuite> <!-- About -->
