<?xml version="1.0" encoding="UTF-8"?>
<!-- Generated by org.testng.reporters.JUnitXMLReporter -->
<testsuite hostname="DESKTOP-VII0J20" ignored="0" name="About2" tests="4" failures="0" timestamp="2021-02-24T17:10:42 BDT" time="22.132" errors="0">
  <testcase name="AboutPageTest" time="3.593" classname="AutomationTest.FalconTalkAndroid.Basic.About2"/>
  <testcase name="AppNameTest" time="0.214" classname="AutomationTest.FalconTalkAndroid.Basic.About2"/>
  <testcase name="EULATest" time="3.262" classname="AutomationTest.FalconTalkAndroid.Basic.About2"/>
  <testcase name="PrivacyStatementTest" time="2.748" classname="AutomationTest.FalconTalkAndroid.Basic.About2"/>
</testsuite> <!-- About2 -->
