<?xml version="1.0" encoding="UTF-8"?>
<!-- Generated by org.testng.reporters.JUnitXMLReporter -->
<testsuite hostname="DESKTOP-VII0J20" ignored="0" name="AddProfile" tests="7" failures="0" timestamp="2021-07-06T16:46:45 BDT" time="58.867" errors="0">
  <testcase name="CabinRouterPageforGogo" time="6.031" classname="com.FalconTalk.AddProfile.CabinProfile"/>
  <testcase name="CabinRouterPageforHoneywellLegacy" time="5.802" classname="com.FalconTalk.AddProfile.CabinProfile"/>
  <testcase name="CabinRouterPageforHoneywellFc" time="5.695" classname="com.FalconTalk.AddProfile.CabinProfile"/>
  <testcase name="CabinRouterPageforHoneywellCNX" time="5.673" classname="com.FalconTalk.AddProfile.CabinProfile"/>
  <testcase name="CabinRouterPageforHoneywellGDR" time="5.474" classname="com.FalconTalk.AddProfile.CabinProfile"/>
  <testcase name="CabinRouterPageforSatcom" time="5.982" classname="com.FalconTalk.AddProfile.CabinProfile"/>
  <testcase name="CabinRouterPageforCustom" time="2.756" classname="com.FalconTalk.AddProfile.CabinProfile"/>
</testsuite> <!-- AddProfile -->
