<?xml version="1.0" encoding="UTF-8"?>
<!-- Generated by org.testng.reporters.JUnitXMLReporter -->
<testsuite hostname="DESKTOP-VII0J20" ignored="0" name="AddProfileManufacturerProfile" tests="5" failures="0" timestamp="2021-09-05T15:47:28 BDT" time="27.096" errors="0">
  <testcase name="manufacturerselectionTest" time="0.97" classname="com.FalconTalk.ManualAccountConfiguration.ManufacturerProfile"/>
  <testcase name="manufacturerSelectionandgogoApplyButtonTest" time="1.715" classname="com.FalconTalk.ManualAccountConfiguration.ManufacturerProfile"/>
  <testcase name="manufacturerSelectionandhoneywellApplyButtonTest" time="2.861" classname="com.FalconTalk.ManualAccountConfiguration.ManufacturerProfile"/>
  <testcase name="manufacturerSelectionsatcomDirectApplyButtonTest" time="2.983" classname="com.FalconTalk.ManualAccountConfiguration.ManufacturerProfile"/>
  <testcase name="manufacturerSelectioncustomApplyButtonTest" time="2.907" classname="com.FalconTalk.ManualAccountConfiguration.ManufacturerProfile"/>
</testsuite> <!-- AddProfileManufacturerProfile -->
