<?xml version="1.0" encoding="UTF-8"?>
<!-- Generated by org.testng.reporters.JUnitXMLReporter -->
<testsuite hostname="DESKTOP-VII0J20" ignored="0" name="AddProfileManufacturerCustomProfile" tests="8" failures="0" timestamp="2021-09-05T15:48:16 BDT" time="48.273" errors="0">
  <testcase name="CustomProfileInputRegTest" time="6.304" classname="com.FalconTalk.ManualAccountConfiguration.CustomAccountConfiguration"/>
  <testcase name="CustomAccoundAddedDisablePreviousAcountTest" time="0.122" classname="com.FalconTalk.ManualAccountConfiguration.CustomAccountConfiguration"/>
  <testcase name="CustomAccountDisableWhenEnableingAutoAccountTest" time="5.938" classname="com.FalconTalk.ManualAccountConfiguration.CustomAccountConfiguration"/>
  <testcase name="CustomAccountEditTest" time="11.38" classname="com.FalconTalk.ManualAccountConfiguration.CustomAccountConfiguration"/>
  <testcase name="CustomAccountShowingOnKeypadTest" time="2.265" classname="com.FalconTalk.ManualAccountConfiguration.CustomAccountConfiguration"/>
  <testcase name="CustomAccontShowingOnNavDrawerTest" time="2.141" classname="com.FalconTalk.ManualAccountConfiguration.CustomAccountConfiguration"/>
  <testcase name="CustomAccountShowingOnProfileListTest" time="1.24" classname="com.FalconTalk.ManualAccountConfiguration.CustomAccountConfiguration"/>
  <testcase name="CustomAccountShowingOnAutoDiscoveryCabinListTest" time="3.16" classname="com.FalconTalk.ManualAccountConfiguration.CustomAccountConfiguration"/>
</testsuite> <!-- AddProfileManufacturerCustomProfile -->
