<?xml version="1.0" encoding="UTF-8"?>
<!-- Generated by org.testng.reporters.JUnitXMLReporter -->
<testsuite hostname="DESKTOP-VII0J20" ignored="0" name="AddProfileCabinProfile" tests="7" failures="0" timestamp="2021-09-05T15:44:39 BDT" time="54.342" errors="0">
  <testcase name="CabinRouterPageforGogo" time="5.475" classname="com.FalconTalk.ManualAccountConfiguration.CabinProfile"/>
  <testcase name="CabinRouterPageforHoneywellLegacy" time="6.073" classname="com.FalconTalk.ManualAccountConfiguration.CabinProfile"/>
  <testcase name="CabinRouterPageforHoneywellFc" time="5.935" classname="com.FalconTalk.ManualAccountConfiguration.CabinProfile"/>
  <testcase name="CabinRouterPageforHoneywellCNX" time="5.918" classname="com.FalconTalk.ManualAccountConfiguration.CabinProfile"/>
  <testcase name="CabinRouterPageforHoneywellGDR" time="5.928" classname="com.FalconTalk.ManualAccountConfiguration.CabinProfile"/>
  <testcase name="CabinRouterPageforSatcom" time="5.795" classname="com.FalconTalk.ManualAccountConfiguration.CabinProfile"/>
  <testcase name="CabinRouterPageforCustom" time="2.991" classname="com.FalconTalk.ManualAccountConfiguration.CabinProfile"/>
</testsuite> <!-- AddProfileCabinProfile -->
