<?xml version="1.0" encoding="UTF-8"?>
<!-- Generated by org.testng.reporters.JUnitXMLReporter -->
<testsuite hostname="DESKTOP-VII0J20" ignored="0" name="CabinModeConfiguration" tests="4" failures="0" timestamp="2021-09-05T15:48:39 BDT" time="22.937" errors="0">
  <testcase name="ConfigureCabinDevicePageTest" time="6.211" classname="com.FalconTalk.CabinModeConfiguration.ConfigureCabinDevice"/>
  <testcase name="TostMessageTest" time="0.641" classname="com.FalconTalk.CabinModeConfiguration.ConfigureCabinDevice"/>
  <testcase name="CabinAccountAndExtensionSelectionPageTest" time="1.338" classname="com.FalconTalk.CabinModeConfiguration.ConfigureCabinDevice"/>
  <testcase name="AllCabinAccountIsFreeTest" time="0.418" classname="com.FalconTalk.CabinModeConfiguration.ConfigureCabinDevice"/>
</testsuite> <!-- CabinModeConfiguration -->
