<?xml version="1.0" encoding="UTF-8"?>
<!-- Generated by org.testng.reporters.JUnitXMLReporter -->
<testsuite hostname="DESKTOP-VII0J20" ignored="0" name="PreviousConfig" tests="6" failures="1" timestamp="2021-09-05T15:43:05 BDT" time="36.445" errors="0">
  <testcase name="LastExtensionPageTest" time="7.709" classname="com.FalconTalk.PreviousConfig.PreviousConfig"/>
  <testcase name="LastExtensionTest" time="0.056" classname="com.FalconTalk.PreviousConfig.PreviousConfig"/>
  <testcase name="LastRingGroupTest" time="0.084" classname="com.FalconTalk.PreviousConfig.PreviousConfig"/>
  <testcase name="LastDisplayNameTest" time="0.085" classname="com.FalconTalk.PreviousConfig.PreviousConfig">
    <failure type="java.lang.AssertionError" message="Display Name don&amp;apos;t match with Previous Display Name expected [Nexus 6P] but found [Galaxy S10+]">
      <![CDATA[java.lang.AssertionError: Display Name don't match with Previous Display Name expected [Nexus 6P] but found [Galaxy S10+]
at com.FalconTalk.PreviousConfig.PreviousConfig.LastDisplayNameTest(PreviousConfig.java:49)
at java.util.ArrayList.forEach(ArrayList.java:1259)
... Removed 32 stack frames]]>
    </failure>
  </testcase> <!-- LastDisplayNameTest -->
  <testcase name="OkButtonTest" time="2.659" classname="com.FalconTalk.PreviousConfig.PreviousConfig"/>
  <testcase name="ChangeButtonTest" time="15.123" classname="com.FalconTalk.PreviousConfig.PreviousConfig"/>
</testsuite> <!-- PreviousConfig -->
