<?xml version="1.0" encoding="UTF-8"?>
<!-- Generated by org.testng.reporters.JUnitXMLReporter -->
<testsuite hostname="DESKTOP-VII0J20" ignored="0" name="Test2" tests="18" failures="0" timestamp="2021-05-19T20:25:20 BDT" time="55.482" errors="0">
  <testcase name="ExtensionSelectionforGogoTest" time="5.193" classname="com.FalconTalk.com.AddProfile.ExtensionSelectionProfile"/>
  <testcase name="RingGroupNameforGogoTest" time="0.337" classname="com.FalconTalk.com.AddProfile.ExtensionSelectionProfile"/>
  <testcase name="DisplayNameforGogoTest" time="1.446" classname="com.FalconTalk.com.AddProfile.ExtensionSelectionProfile"/>
  <testcase name="ExtensionSelectionforLegacyTest" time="5.44" classname="com.FalconTalk.com.AddProfile.ExtensionSelectionProfile"/>
  <testcase name="RingGroupNameforLegacyTest" time="0.375" classname="com.FalconTalk.com.AddProfile.ExtensionSelectionProfile"/>
  <testcase name="DisplayNameforLegacyTest" time="0.783" classname="com.FalconTalk.com.AddProfile.ExtensionSelectionProfile"/>
  <testcase name="ExtensionSelectionforFcTest" time="3.783" classname="com.FalconTalk.com.AddProfile.ExtensionSelectionProfile"/>
  <testcase name="RingGroupNameforFcTest" time="0.417" classname="com.FalconTalk.com.AddProfile.ExtensionSelectionProfile"/>
  <testcase name="DisplayNameforFcTest" time="0.876" classname="com.FalconTalk.com.AddProfile.ExtensionSelectionProfile"/>
  <testcase name="ExtensionSelectionforCNXTest" time="3.692" classname="com.FalconTalk.com.AddProfile.ExtensionSelectionProfile"/>
  <testcase name="RingGroupNameforCNXTest" time="0.115" classname="com.FalconTalk.com.AddProfile.ExtensionSelectionProfile"/>
  <testcase name="DisplayNameforCNXTest" time="0.772" classname="com.FalconTalk.com.AddProfile.ExtensionSelectionProfile"/>
  <testcase name="ExtensionSelectionforGDRTest" time="3.523" classname="com.FalconTalk.com.AddProfile.ExtensionSelectionProfile"/>
  <testcase name="RingGroupNameforGDRTest" time="0.113" classname="com.FalconTalk.com.AddProfile.ExtensionSelectionProfile"/>
  <testcase name="DisplayNameforGDRTest" time="1.431" classname="com.FalconTalk.com.AddProfile.ExtensionSelectionProfile"/>
  <testcase name="ExtensionSelectionforSDRTest" time="6.091" classname="com.FalconTalk.com.AddProfile.ExtensionSelectionProfile"/>
  <testcase name="RingGroupNameforSDRTest" time="0.296" classname="com.FalconTalk.com.AddProfile.ExtensionSelectionProfile"/>
  <testcase name="DisplayNameforSDRTest" time="0.051" classname="com.FalconTalk.com.AddProfile.ExtensionSelectionProfile"/>
</testsuite> <!-- Test2 -->
