<?xml version="1.0" encoding="UTF-8"?>
<!-- Generated by org.testng.reporters.JUnitXMLReporter -->
<testsuite hostname="DESKTOP-VII0J20" ignored="0" name="Test" tests="5" failures="0" timestamp="2021-05-19T20:23:30 BDT" time="33.351" errors="0">
  <testcase name="manufacturerselectionTest" time="1.564" classname="com.FalconTalk.com.AddProfile.ManufacturerProfile"/>
  <testcase name="manufacturerSelectionandgogoApplyButtonTest" time="2.277" classname="com.FalconTalk.com.AddProfile.ManufacturerProfile"/>
  <testcase name="manufacturerSelectionandhoneywellApplyButtonTest" time="2.864" classname="com.FalconTalk.com.AddProfile.ManufacturerProfile"/>
  <testcase name="manufacturerSelectionsatcomDirectApplyButtonTest" time="2.888" classname="com.FalconTalk.com.AddProfile.ManufacturerProfile"/>
  <testcase name="manufacturerSelectioncustomApplyButtonTest" time="2.812" classname="com.FalconTalk.com.AddProfile.ManufacturerProfile"/>
</testsuite> <!-- Test -->
