<?xml version="1.0" encoding="UTF-8"?>
<!-- Generated by org.testng.reporters.JUnitXMLReporter -->
<testsuite hostname="DESKTOP-VII0J20" ignored="0" name="Test1" tests="7" failures="0" timestamp="2021-05-19T20:24:24 BDT" time="54.383" errors="0">
  <testcase name="CabinRouterPageforGogo" time="5.246" classname="com.FalconTalk.com.AddProfile.CabinProfile"/>
  <testcase name="CabinRouterPageforHoneywellLegacy" time="5.598" classname="com.FalconTalk.com.AddProfile.CabinProfile"/>
  <testcase name="CabinRouterPageforHoneywellFc" time="5.611" classname="com.FalconTalk.com.AddProfile.CabinProfile"/>
  <testcase name="CabinRouterPageforHoneywellCNX" time="5.5" classname="com.FalconTalk.com.AddProfile.CabinProfile"/>
  <testcase name="CabinRouterPageforHoneywellGDR" time="5.466" classname="com.FalconTalk.com.AddProfile.CabinProfile"/>
  <testcase name="CabinRouterPageforSatcom" time="5.433" classname="com.FalconTalk.com.AddProfile.CabinProfile"/>
  <testcase name="CabinRouterPageforCustom" time="2.662" classname="com.FalconTalk.com.AddProfile.CabinProfile"/>
</testsuite> <!-- Test1 -->
