<?xml version="1.0" encoding="UTF-8"?>
<testng-results skipped="0" failed="0" ignored="0" total="4" passed="4">
  <reporter-output>
  </reporter-output>
  <suite name="Default suite" duration-ms="39974" started-at="2021-09-09T14:04:39 BDT" finished-at="2021-09-09T14:05:19 BDT">
    <groups>
    </groups>
    <test name="Default test" duration-ms="39974" started-at="2021-09-09T14:04:39 BDT" finished-at="2021-09-09T14:05:19 BDT">
      <class name="com.FalconTalk.HoneywellAccount.HoneywellAccount">
        <test-method status="PASS" signature="Setup()[pri:0, instance:com.FalconTalk.HoneywellAccount.HoneywellAccount@1877ab81]" name="Setup" is-config="true" duration-ms="20393" started-at="2021-09-09T14:04:39 BDT" finished-at="2021-09-09T14:04:59 BDT">
          <reporter-output>
          </reporter-output>
        </test-method> <!-- Setup -->
        <test-method status="PASS" signature="HoneywellAccountNumberButtonTest()[pri:1, instance:com.FalconTalk.HoneywellAccount.HoneywellAccount@1877ab81]" name="HoneywellAccountNumberButtonTest" duration-ms="1335" started-at="2021-09-09T14:04:59 BDT" finished-at="2021-09-09T14:05:01 BDT">
          <reporter-output>
          </reporter-output>
        </test-method> <!-- HoneywellAccountNumberButtonTest -->
        <test-method status="PASS" signature="CancelButtonLoginPageTest()[pri:2, instance:com.FalconTalk.HoneywellAccount.HoneywellAccount@1877ab81]" name="CancelButtonLoginPageTest" duration-ms="750" started-at="2021-09-09T14:05:01 BDT" finished-at="2021-09-09T14:05:01 BDT">
          <reporter-output>
          </reporter-output>
        </test-method> <!-- CancelButtonLoginPageTest -->
        <test-method status="PASS" signature="EmptyFieldValidationTest()[pri:3, instance:com.FalconTalk.HoneywellAccount.HoneywellAccount@1877ab81]" name="EmptyFieldValidationTest" duration-ms="7395" started-at="2021-09-09T14:05:01 BDT" finished-at="2021-09-09T14:05:09 BDT">
          <reporter-output>
          </reporter-output>
        </test-method> <!-- EmptyFieldValidationTest -->
        <test-method status="PASS" signature="VerifyTheAuthenticationTest()[pri:4, instance:com.FalconTalk.HoneywellAccount.HoneywellAccount@1877ab81]" name="VerifyTheAuthenticationTest" duration-ms="9439" started-at="2021-09-09T14:05:09 BDT" finished-at="2021-09-09T14:05:18 BDT">
          <reporter-output>
          </reporter-output>
        </test-method> <!-- VerifyTheAuthenticationTest -->
        <test-method status="PASS" signature="tearDown()[pri:0, instance:com.FalconTalk.HoneywellAccount.HoneywellAccount@1877ab81]" name="tearDown" is-config="true" duration-ms="589" started-at="2021-09-09T14:05:18 BDT" finished-at="2021-09-09T14:05:19 BDT">
          <reporter-output>
          </reporter-output>
        </test-method> <!-- tearDown -->
      </class> <!-- com.FalconTalk.HoneywellAccount.HoneywellAccount -->
    </test> <!-- Default test -->
  </suite> <!-- Default suite -->
</testng-results>
